<?xml version="1.0" encoding="UTF-8"?>
<!-- Generated by org.testng.reporters.JUnitReportReporter -->
<testsuite hostname="DESKTOP-7L63P15" failures="0" tests="2" name="testNG.ParallelTestingExample" time="48.923" errors="0" timestamp="23 Apr 2023 18:47:14 GMT">
  <testcase classname="testNG.ParallelTestingExample" name="openDeyga" time="17.709"/>
  <testcase classname="testNG.ParallelTestingExample" name="openAmazon" time="31.214"/>
</testsuite> <!-- testNG.ParallelTestingExample -->
