<?xml version="1.0" encoding="UTF-8"?>
<!-- Generated by org.testng.reporters.JUnitReportReporter -->
<testsuite hostname="DESKTOP-7L63P15" failures="0" tests="1" name="testNG.Drive_A_Car" time="0.030" errors="0" timestamp="24 Apr 2023 16:47:04 GMT">
  <testcase classname="testNG.Drive_A_Car" name="startTheCar" time="0.030"/>
</testsuite> <!-- testNG.Drive_A_Car -->
