<?xml version="1.0" encoding="UTF-8"?>
<!-- Generated by org.testng.reporters.JUnitReportReporter -->
<testsuite hostname="DESKTOP-7L63P15" failures="0" tests="1" name="testNG.AssertionExample" time="0.036" errors="0" timestamp="24 Apr 2023 08:10:08 GMT">
  <testcase classname="testNG.AssertionExample" name="checkEqual" time="0.036"/>
</testsuite> <!-- testNG.AssertionExample -->
