<?xml version="1.0" encoding="UTF-8"?>
<!-- Generated by org.testng.reporters.JUnitReportReporter -->
<testsuite hostname="DESKTOP-7L63P15" failures="0" tests="6" name="testNG.GroupingExample" time="0.054" errors="0" timestamp="23 Apr 2023 08:10:59 GMT">
  <testcase classname="testNG.GroupingExample" name="Moto1" time="0.009"/>
  <testcase classname="testNG.GroupingExample" name="Apple2" time="0.004"/>
  <testcase classname="testNG.GroupingExample" name="Apple1" time="0.021"/>
  <testcase classname="testNG.GroupingExample" name="Max1" time="0.010"/>
  <testcase classname="testNG.GroupingExample" name="Moto2" time="0.004"/>
  <testcase classname="testNG.GroupingExample" name="Max2" time="0.006"/>
</testsuite> <!-- testNG.GroupingExample -->
