<?xml version="1.0" encoding="UTF-8"?>
<!-- Generated by org.testng.reporters.JUnitReportReporter -->
<testsuite hostname="DESKTOP-7L63P15" failures="0" tests="3" name="testNG.SuiteExample" time="42.738" errors="0" timestamp="22 Apr 2023 18:37:25 GMT">
  <testcase classname="testNG.SuiteExample" name="openYahoo" time="34.075"/>
  <testcase classname="testNG.SuiteExample" name="openBing" time="4.873"/>
  <testcase classname="testNG.SuiteExample" name="openGoogle" time="3.790"/>
</testsuite> <!-- testNG.SuiteExample -->
