<?xml version="1.0" encoding="UTF-8"?>
<!-- Generated by org.testng.reporters.JUnitReportReporter -->
<testsuite hostname="DESKTOP-7L63P15" failures="0" tests="1" name="dataTestNG.BothIncorrect" time="9.517" errors="0" timestamp="25 Apr 2023 15:20:31 GMT">
  <testcase classname="dataTestNG.BothIncorrect" name="loginWithInCorrectDetails" time="9.517"/>
</testsuite> <!-- dataTestNG.BothIncorrect -->
