<?xml version="1.0" encoding="UTF-8"?>
<!-- Generated by org.testng.reporters.JUnitReportReporter -->
<testsuite hostname="DESKTOP-7L63P15" failures="0" tests="4" name="testNG.Skip_A_Testcase" time="0.023" errors="0" timestamp="23 Apr 2023 07:50:59 GMT">
  <testcase classname="testNG.Skip_A_Testcase" name="putSecondGear" time="0.005"/>
  <testcase classname="testNG.Skip_A_Testcase" name="putThirdGear" time="0.003"/>
  <testcase classname="testNG.Skip_A_Testcase" name="putBreak" time="0.003"/>
  <testcase classname="testNG.Skip_A_Testcase" name="startTheCar" time="0.012"/>
</testsuite> <!-- testNG.Skip_A_Testcase -->
