<?xml version="1.0" encoding="UTF-8"?>
<!-- Generated by org.testng.reporters.JUnitReportReporter -->
<testsuite hostname="DESKTOP-7L63P15" failures="0" tests="4" name="dataTestNG.LoginPage" time="110.578" errors="0" timestamp="25 Apr 2023 15:44:52 GMT">
  <testcase classname="dataTestNG.LoginPage" name="loginWithCorrectDetails" time="32.578"/>
  <testcase classname="dataTestNG.LoginPage" name="loginWithCorrectDetails" time="21.668"/>
  <testcase classname="dataTestNG.LoginPage" name="loginWithCorrectDetails" time="23.190"/>
  <testcase classname="dataTestNG.LoginPage" name="loginWithCorrectDetails" time="33.142"/>
</testsuite> <!-- dataTestNG.LoginPage -->
