<?xml version="1.0" encoding="UTF-8"?>
<!-- Generated by org.testng.reporters.JUnitReportReporter -->
<testsuite hostname="DESKTOP-7L63P15" failures="0" tests="4" name="dataTestNG.JxlDataProviderExample" time="28.912" errors="0" timestamp="26 Apr 2023 18:56:36 GMT">
  <testcase classname="dataTestNG.JxlDataProviderExample" name="loginWithCorrectDetails" time="23.823"/>
  <testcase classname="dataTestNG.JxlDataProviderExample" name="loginWithCorrectDetails" time="1.918"/>
  <testcase classname="dataTestNG.JxlDataProviderExample" name="loginWithCorrectDetails" time="1.270"/>
  <testcase classname="dataTestNG.JxlDataProviderExample" name="loginWithCorrectDetails" time="1.901"/>
</testsuite> <!-- dataTestNG.JxlDataProviderExample -->
