<?xml version="1.0" encoding="UTF-8"?>
<!-- Generated by org.testng.reporters.JUnitReportReporter -->
<testsuite hostname="DESKTOP-7L63P15" failures="0" tests="4" name="testNG.DependenciesManagement" time="0.193" errors="0" timestamp="23 Apr 2023 08:25:28 GMT">
  <testcase classname="testNG.DependenciesManagement" name="higherSecondary" time="0.020"/>
  <testcase classname="testNG.DependenciesManagement" name="college" time="0.004"/>
  <testcase classname="testNG.DependenciesManagement" name="job" time="0.005"/>
  <testcase classname="testNG.DependenciesManagement" name="highSchool" time="0.164"/>
</testsuite> <!-- testNG.DependenciesManagement -->
