<?xml version="1.0" encoding="UTF-8"?>
<!-- Generated by org.testng.reporters.JUnitReportReporter -->
<testsuite hostname="DESKTOP-7L63P15" failures="0" tests="1" name="dataTestNG.BothCorrect" time="58.564" errors="0" timestamp="25 Apr 2023 15:20:31 GMT">
  <testcase classname="dataTestNG.BothCorrect" name="loginWithCorrectDetails" time="58.564"/>
</testsuite> <!-- dataTestNG.BothCorrect -->
