<?xml version="1.0" encoding="UTF-8"?>
<!-- Generated by org.testng.reporters.JUnitReportReporter -->
<testsuite hostname="DESKTOP-7L63P15" failures="0" tests="1" name="dataTestNG.CorrectPassword" time="15.584" errors="0" timestamp="25 Apr 2023 15:20:31 GMT">
  <testcase classname="dataTestNG.CorrectPassword" name="loginWithCorrectPassword" time="15.584"/>
</testsuite> <!-- dataTestNG.CorrectPassword -->
