<?xml version="1.0" encoding="UTF-8"?>
<!-- Generated by org.testng.reporters.JUnitReportReporter -->
<testsuite hostname="DESKTOP-7L63P15" failures="0" tests="1" name="learnExtentReport.Trialtest" time="1.992" errors="0" timestamp="5 May 2023 18:24:24 GMT">
  <testcase classname="learnExtentReport.Trialtest" name="openGoogle" time="1.992"/>
</testsuite> <!-- learnExtentReport.Trialtest -->
