<?xml version="1.0" encoding="UTF-8"?>
<!-- Generated by org.testng.reporters.JUnitReportReporter -->
<testsuite hostname="DESKTOP-7L63P15" failures="0" tests="1" name="testNG.AnnotationsHierarchyExamples" time="0.016" errors="0" timestamp="24 Apr 2023 08:28:00 GMT">
  <testcase classname="testNG.AnnotationsHierarchyExamples" name="test" time="0.016"/>
</testsuite> <!-- testNG.AnnotationsHierarchyExamples -->
