<?xml version="1.0" encoding="UTF-8"?>
<!-- Generated by org.testng.reporters.JUnitReportReporter -->
<testsuite hostname="DESKTOP-7L63P15" failures="0" tests="5" name="testNG.SampleTestCase" time="0.044" errors="0" timestamp="23 Apr 2023 07:50:59 GMT">
  <testcase classname="testNG.SampleTestCase" name="firstTestCase" time="0.004"/>
  <testcase classname="testNG.SampleTestCase" name="secondTestCase" time="0.008"/>
  <testcase classname="testNG.SampleTestCase" name="fourthTestCase" time="0.011"/>
  <testcase classname="testNG.SampleTestCase" name="thirdTestCase" time="0.016"/>
  <testcase classname="testNG.SampleTestCase" name="fifthTestCase" time="0.005"/>
</testsuite> <!-- testNG.SampleTestCase -->
