<?xml version="1.0" encoding="UTF-8"?>
<!-- Generated by org.testng.reporters.JUnitReportReporter -->
<testsuite hostname="DESKTOP-7L63P15" failures="0" tests="1" name="testNG.ParameterizationExample" time="0.027" errors="0" timestamp="23 Apr 2023 18:20:11 GMT">
  <testcase classname="testNG.ParameterizationExample" name="printName" time="0.027"/>
</testsuite> <!-- testNG.ParameterizationExample -->
